Config { log: StdErrLog { verbosity: Trace, quiet: false, show_level: true, timestamp: Off, modules: [], writer: "stderr", color_choice: Never }, network_type: Regtest, db_path: "./db/regtest", daemon_dir: "/Users/chenwenjie/test/olp/btcnet_env/bitcoin/regtest/node1/data/regtest", blocks_dir: "/Users/chenwenjie/test/olp/btcnet_env/bitcoin/regtest/node1/data/regtest/blocks", daemon_rpc_addr: 127.0.0.1:18443, cookie: None, electrum_rpc_addr: 127.0.0.1:60401, http_addr: 127.0.0.1:3002, http_socket_file: None, monitoring_addr: 127.0.0.1:24224, jsonrpc_import: false, light_mode: false, address_search: false, index_unspendables: false, cors: Some("*"), precache_scripts: None, utxos_limit: 500, electrum_txs_limit: 500, electrum_banner: "Welcome to electrs-esplora 0.4.1" }
DEBUG - Server listening on 127.0.0.1:24224
DEBUG - Running accept thread
INFO - NetworkInfo { version: 250100, subversion: "/Satoshi:25.1.0/", relayfee: 1e-5 }
INFO - BlockchainInfo { chain: "regtest", blocks: 106, headers: 106, bestblockhash: "13f1b0adccebf92d48ec64f93997159e7c2480b203f4a0d2302ff75cac84e3d0", pruned: false, verificationprogress: 1.0, initialblockdownload: Some(false) }
DEBUG - opening DB at "./db/regtest/newindex/txstore"
DEBUG - 107 blocks were added
DEBUG - opening DB at "./db/regtest/newindex/history"
DEBUG - 107 blocks were indexed
DEBUG - opening DB at "./db/regtest/newindex/cache"
DEBUG - 107 headers were loaded, tip at 13f1b0adccebf92d48ec64f93997159e7c2480b203f4a0d2302ff75cac84e3d0
TRACE - processing 107 headers, tip at 13f1b0adccebf92d48ec64f93997159e7c2480b203f4a0d2302ff75cac84e3d0
TRACE - 107 chained headers (0 orphan blocks left)
DEBUG - applying 107 new headers from height 0
DEBUG - downloading new block headers (107 already indexed) from 13f1b0adccebf92d48ec64f93997159e7c2480b203f4a0d2302ff75cac84e3d0
TRACE - downloaded 0 block headers
DEBUG - adding transactions from 0 blocks using Bitcoind
DEBUG - indexing history from 0 blocks using Bitcoind
DEBUG - flushing to disk
DEBUG - updating synced tip to 13f1b0adccebf92d48ec64f93997159e7c2480b203f4a0d2302ff75cac84e3d0
INFO - Electrum RPC server running on 127.0.0.1:60401
INFO - REST server running on 127.0.0.1:3002
TRACE - registering event source with poller: token=Token(0), interests=READABLE | WRITABLE
Config { log: StdErrLog { verbosity: Trace, quiet: false, show_level: true, timestamp: Off, modules: [], writer: "stderr", color_choice: Never }, network_type: Regtest, db_path: "./db/regtest", daemon_dir: "/Users/chenwenjie/test/olp/btcnet_env/bitcoin/regtest/node1/data/regtest", blocks_dir: "/Users/chenwenjie/test/olp/btcnet_env/bitcoin/regtest/node1/data/regtest/blocks", daemon_rpc_addr: 127.0.0.1:18443, cookie: None, electrum_rpc_addr: 127.0.0.1:60401, http_addr: 127.0.0.1:3002, http_socket_file: None, monitoring_addr: 127.0.0.1:24224, jsonrpc_import: false, light_mode: false, address_search: false, index_unspendables: false, cors: Some("*"), precache_scripts: None, utxos_limit: 500, electrum_txs_limit: 500, electrum_banner: "Welcome to electrs-esplora 0.4.1" }
thread 'main' panicked at src/metrics.rs:71:33:
failed to start monitoring HTTP server at 127.0.0.1:24224
note: run with `RUST_BACKTRACE=1` environment variable to display a backtrace
TRACE - registering event source with poller: token=Token(1), interests=READABLE | WRITABLE
INFO - handle GET /blocks/tip/height
TRACE - deregistering event source from poller
INFO - stopping server: Iterrupted by signal 15
TRACE - deregistering event source from poller
INFO - server stopped
TRACE - stop accepting new RPCs
TRACE - closing 0 RPC connections
TRACE - RPC connections are closed
TRACE - RPC server is stopped
Config { log: StdErrLog { verbosity: Trace, quiet: false, show_level: true, timestamp: Off, modules: [], writer: "stderr", color_choice: Never }, network_type: Regtest, db_path: "./db/regtest", daemon_dir: "/Users/chenwenjie/test/olp/btcnet_env/bitcoin/regtest/node1/data/regtest", blocks_dir: "/Users/chenwenjie/test/olp/btcnet_env/bitcoin/regtest/node1/data/regtest/blocks", daemon_rpc_addr: 127.0.0.1:18443, cookie: None, electrum_rpc_addr: 127.0.0.1:60401, http_addr: 127.0.0.1:3002, http_socket_file: None, monitoring_addr: 127.0.0.1:24224, jsonrpc_import: false, light_mode: false, address_search: false, index_unspendables: false, cors: Some("*"), precache_scripts: None, utxos_limit: 500, electrum_txs_limit: 500, electrum_banner: "Welcome to electrs-esplora 0.4.1" }
DEBUG - Server listening on 127.0.0.1:24224
DEBUG - Running accept thread
INFO - NetworkInfo { version: 250100, subversion: "/Satoshi:25.1.0/", relayfee: 1e-5 }
INFO - BlockchainInfo { chain: "regtest", blocks: 106, headers: 106, bestblockhash: "13f1b0adccebf92d48ec64f93997159e7c2480b203f4a0d2302ff75cac84e3d0", pruned: false, verificationprogress: 1.0, initialblockdownload: Some(false) }
DEBUG - opening DB at "./db/regtest/newindex/txstore"
DEBUG - 107 blocks were added
DEBUG - opening DB at "./db/regtest/newindex/history"
DEBUG - 107 blocks were indexed
DEBUG - opening DB at "./db/regtest/newindex/cache"
DEBUG - 107 headers were loaded, tip at 13f1b0adccebf92d48ec64f93997159e7c2480b203f4a0d2302ff75cac84e3d0
TRACE - processing 107 headers, tip at 13f1b0adccebf92d48ec64f93997159e7c2480b203f4a0d2302ff75cac84e3d0
TRACE - 107 chained headers (0 orphan blocks left)
DEBUG - applying 107 new headers from height 0
DEBUG - downloading new block headers (107 already indexed) from 13f1b0adccebf92d48ec64f93997159e7c2480b203f4a0d2302ff75cac84e3d0
TRACE - downloaded 0 block headers
DEBUG - adding transactions from 0 blocks using Bitcoind
DEBUG - indexing history from 0 blocks using Bitcoind
DEBUG - flushing to disk
DEBUG - updating synced tip to 13f1b0adccebf92d48ec64f93997159e7c2480b203f4a0d2302ff75cac84e3d0
INFO - Electrum RPC server running on 127.0.0.1:60401
INFO - REST server running on 127.0.0.1:3002
TRACE - registering event source with poller: token=Token(0), interests=READABLE | WRITABLE
TRACE - registering event source with poller: token=Token(1), interests=READABLE | WRITABLE
INFO - handle GET /blocks/tip/height
TRACE - deregistering event source from poller
TRACE - registering event source with poller: token=Token(16777217), interests=READABLE | WRITABLE
INFO - handle GET /blocks/tip/height
TRACE - deregistering event source from poller
INFO - stopping server: Iterrupted by signal 15
TRACE - deregistering event source from poller
INFO - server stopped
TRACE - stop accepting new RPCs
TRACE - closing 0 RPC connections
TRACE - RPC connections are closed
TRACE - RPC server is stopped
Config { log: StdErrLog { verbosity: Trace, quiet: false, show_level: true, timestamp: Off, modules: [], writer: "stderr", color_choice: Never }, network_type: Regtest, db_path: "./db/regtest", daemon_dir: "/Users/chenwenjie/test/olp/btcnet_env/bitcoin/regtest/node1/data/regtest", blocks_dir: "/Users/chenwenjie/test/olp/btcnet_env/bitcoin/regtest/node1/data/regtest/blocks", daemon_rpc_addr: 127.0.0.1:18443, cookie: None, electrum_rpc_addr: 127.0.0.1:60401, http_addr: 127.0.0.1:3002, http_socket_file: None, monitoring_addr: 127.0.0.1:24224, jsonrpc_import: false, light_mode: false, address_search: false, index_unspendables: false, cors: Some("*"), precache_scripts: None, utxos_limit: 500, electrum_txs_limit: 500, electrum_banner: "Welcome to electrs-esplora 0.4.1" }
DEBUG - Server listening on 127.0.0.1:24224
DEBUG - Running accept thread
INFO - NetworkInfo { version: 250100, subversion: "/Satoshi:25.1.0/", relayfee: 1e-5 }
INFO - BlockchainInfo { chain: "regtest", blocks: 106, headers: 106, bestblockhash: "13f1b0adccebf92d48ec64f93997159e7c2480b203f4a0d2302ff75cac84e3d0", pruned: false, verificationprogress: 1.0, initialblockdownload: Some(false) }
DEBUG - opening DB at "./db/regtest/newindex/txstore"
DEBUG - 107 blocks were added
DEBUG - opening DB at "./db/regtest/newindex/history"
DEBUG - 107 blocks were indexed
DEBUG - opening DB at "./db/regtest/newindex/cache"
DEBUG - 107 headers were loaded, tip at 13f1b0adccebf92d48ec64f93997159e7c2480b203f4a0d2302ff75cac84e3d0
TRACE - processing 107 headers, tip at 13f1b0adccebf92d48ec64f93997159e7c2480b203f4a0d2302ff75cac84e3d0
TRACE - 107 chained headers (0 orphan blocks left)
DEBUG - applying 107 new headers from height 0
DEBUG - downloading new block headers (107 already indexed) from 13f1b0adccebf92d48ec64f93997159e7c2480b203f4a0d2302ff75cac84e3d0
TRACE - downloaded 0 block headers
DEBUG - adding transactions from 0 blocks using Bitcoind
DEBUG - indexing history from 0 blocks using Bitcoind
DEBUG - flushing to disk
DEBUG - updating synced tip to 13f1b0adccebf92d48ec64f93997159e7c2480b203f4a0d2302ff75cac84e3d0
INFO - Electrum RPC server running on 127.0.0.1:60401
INFO - REST server running on 127.0.0.1:3002
TRACE - registering event source with poller: token=Token(0), interests=READABLE | WRITABLE
TRACE - registering event source with poller: token=Token(1), interests=READABLE | WRITABLE
INFO - handle GET /blocks/tip/height
TRACE - deregistering event source from poller
TRACE - registering event source with poller: token=Token(16777217), interests=READABLE | WRITABLE
INFO - handle GET /blocks
TRACE - registering event source with poller: token=Token(2), interests=READABLE | WRITABLE
INFO - handle GET /mempool/recent
INFO - handle GET /blocks/tip/height
INFO - handle GET /mempool/recent
INFO - handle GET /blocks/
INFO - handle GET /block/13f1b0adccebf92d48ec64f93997159e7c2480b203f4a0d2302ff75cac84e3d0
INFO - handle GET /block/13f1b0adccebf92d48ec64f93997159e7c2480b203f4a0d2302ff75cac84e3d0/status
INFO - handle GET /block/13f1b0adccebf92d48ec64f93997159e7c2480b203f4a0d2302ff75cac84e3d0/txs/0
INFO - handle GET /blocks/tip/height
INFO - handle GET /block/3f30cf8de16050188a5121d4e99986a66e2c4de35486ae16c9585eab64f73999
INFO - handle GET /block/3f30cf8de16050188a5121d4e99986a66e2c4de35486ae16c9585eab64f73999/status
INFO - handle GET /block/3f30cf8de16050188a5121d4e99986a66e2c4de35486ae16c9585eab64f73999/txs/0
INFO - handle GET /block/13f1b0adccebf92d48ec64f93997159e7c2480b203f4a0d2302ff75cac84e3d0/status
INFO - handle GET /block/13f1b0adccebf92d48ec64f93997159e7c2480b203f4a0d2302ff75cac84e3d0/txs/0
TRACE - registering event source with poller: token=Token(3), interests=READABLE | WRITABLE
INFO - handle GET /blocks/tip/height
INFO - handle GET /blocks/
INFO - handle GET /blocks/96
INFO - handle GET /blocks/86
INFO - handle GET /blocks/76
INFO - handle GET /blocks/66
INFO - handle GET /blocks/56
INFO - handle GET /blocks/
INFO - handle GET /blocks/tip/height
DEBUG - downloading new block headers (107 already indexed) from 249583459074f278d4f139585b9ecdcb630745fc6d5236be5d5bc7f8debf4a01
TRACE - downloaded 1 block headers
INFO - hash=249583459074f278d4f139585b9ecdcb630745fc6d5236be5d5bc7f8debf4a01 height=107 @ 2023-12-14T22:09:52Z (1 left to index)
DEBUG - adding transactions from 1 blocks using Bitcoind
DEBUG - hash=249583459074f278d4f139585b9ecdcb630745fc6d5236be5d5bc7f8debf4a01 height=107 @ 2023-12-14T22:09:52Z (1 left to index)
DEBUG - writing 7 rows to RocksDB { path: "./db/regtest/newindex/txstore" }, flush=Enable
DEBUG - indexing history from 1 blocks using Bitcoind
DEBUG - hash=249583459074f278d4f139585b9ecdcb630745fc6d5236be5d5bc7f8debf4a01 height=107 @ 2023-12-14T22:09:52Z (1 left to index)
DEBUG - writing 2 rows to RocksDB { path: "./db/regtest/newindex/history" }, flush=Enable
DEBUG - updating synced tip to 249583459074f278d4f139585b9ecdcb630745fc6d5236be5d5bc7f8debf4a01
DEBUG - applying 1 new headers from height 107
INFO - handle GET /blocks/
INFO - handle GET /blocks/tip/height
DEBUG - downloading new block headers (108 already indexed) from 16d1bb73f7f57680dbb5805bfb64faeec417167c5943304313a82654dcfc6c86
TRACE - downloaded 1 block headers
INFO - hash=16d1bb73f7f57680dbb5805bfb64faeec417167c5943304313a82654dcfc6c86 height=108 @ 2023-12-14T22:10:13Z (1 left to index)
DEBUG - adding transactions from 1 blocks using Bitcoind
DEBUG - hash=16d1bb73f7f57680dbb5805bfb64faeec417167c5943304313a82654dcfc6c86 height=108 @ 2023-12-14T22:10:13Z (1 left to index)
DEBUG - writing 7 rows to RocksDB { path: "./db/regtest/newindex/txstore" }, flush=Enable
DEBUG - indexing history from 1 blocks using Bitcoind
DEBUG - hash=16d1bb73f7f57680dbb5805bfb64faeec417167c5943304313a82654dcfc6c86 height=108 @ 2023-12-14T22:10:13Z (1 left to index)
DEBUG - writing 2 rows to RocksDB { path: "./db/regtest/newindex/history" }, flush=Enable
DEBUG - updating synced tip to 16d1bb73f7f57680dbb5805bfb64faeec417167c5943304313a82654dcfc6c86
DEBUG - applying 1 new headers from height 108
INFO - handle GET /blocks/
INFO - handle GET /blocks/tip/height
DEBUG - downloading new block headers (109 already indexed) from 124757205da13fea2fa61e5a4b6ba1b5af5d5806d79677b7015a0dbc1601f8d5
TRACE - downloaded 1 block headers
INFO - hash=124757205da13fea2fa61e5a4b6ba1b5af5d5806d79677b7015a0dbc1601f8d5 height=109 @ 2023-12-14T22:10:46Z (1 left to index)
DEBUG - adding transactions from 1 blocks using Bitcoind
DEBUG - hash=124757205da13fea2fa61e5a4b6ba1b5af5d5806d79677b7015a0dbc1601f8d5 height=109 @ 2023-12-14T22:10:46Z (1 left to index)
DEBUG - writing 7 rows to RocksDB { path: "./db/regtest/newindex/txstore" }, flush=Enable
DEBUG - indexing history from 1 blocks using Bitcoind
DEBUG - hash=124757205da13fea2fa61e5a4b6ba1b5af5d5806d79677b7015a0dbc1601f8d5 height=109 @ 2023-12-14T22:10:46Z (1 left to index)
DEBUG - writing 2 rows to RocksDB { path: "./db/regtest/newindex/history" }, flush=Enable
DEBUG - updating synced tip to 124757205da13fea2fa61e5a4b6ba1b5af5d5806d79677b7015a0dbc1601f8d5
DEBUG - applying 1 new headers from height 109
INFO - handle GET /blocks/
INFO - handle GET /blocks/tip/height
TRACE - deregistering event source from poller
TRACE - deregistering event source from poller
INFO - stopping server: Iterrupted by signal 15
TRACE - deregistering event source from poller
TRACE - deregistering event source from poller
INFO - server stopped
TRACE - stop accepting new RPCs
TRACE - closing 0 RPC connections
TRACE - RPC connections are closed
TRACE - RPC server is stopped
Config { log: StdErrLog { verbosity: Trace, quiet: false, show_level: true, timestamp: Off, modules: [], writer: "stderr", color_choice: Never }, network_type: Regtest, db_path: "/Users/chenwenjie/test/olp/btcnet_env/electors/data/regtest", daemon_dir: "/Users/chenwenjie/test/olp/btcnet_env/bitcoin/regtest/node1/data/regtest", blocks_dir: "/Users/chenwenjie/test/olp/btcnet_env/bitcoin/regtest/node1/data/regtest/blocks", daemon_rpc_addr: 127.0.0.1:18443, cookie: None, electrum_rpc_addr: 127.0.0.1:60401, http_addr: 127.0.0.1:3002, http_socket_file: None, monitoring_addr: 127.0.0.1:24224, jsonrpc_import: false, light_mode: false, address_search: false, index_unspendables: false, cors: Some("*"), precache_scripts: None, utxos_limit: 500, electrum_txs_limit: 500, electrum_banner: "Welcome to electrs-esplora 0.4.1" }
DEBUG - Server listening on 127.0.0.1:24224
DEBUG - Running accept thread
INFO - NetworkInfo { version: 250100, subversion: "/Satoshi:25.1.0/", relayfee: 1e-5 }
INFO - BlockchainInfo { chain: "regtest", blocks: 150, headers: 150, bestblockhash: "76c4cffb6df5a01b1692ef273a105fc48a738c104946821fc3ed04a335d23cad", pruned: false, verificationprogress: 1.0, initialblockdownload: Some(false) }
DEBUG - opening DB at "/Users/chenwenjie/test/olp/btcnet_env/electors/data/regtest/newindex/txstore"
DEBUG - 0 blocks were added
DEBUG - opening DB at "/Users/chenwenjie/test/olp/btcnet_env/electors/data/regtest/newindex/history"
DEBUG - 0 blocks were indexed
DEBUG - opening DB at "/Users/chenwenjie/test/olp/btcnet_env/electors/data/regtest/newindex/cache"
DEBUG - downloading all block headers up to 0f404250875c93cdc3e44856e868d55920cd84203887eeb7067c32a75f0ab725
TRACE - downloading 152 block headers
INFO - hash=0f404250875c93cdc3e44856e868d55920cd84203887eeb7067c32a75f0ab725 height=151 @ 2023-12-14T22:32:21Z (152 left to index)
DEBUG - adding transactions from 152 blocks using BlkFiles
DEBUG - listing block files at "/Users/chenwenjie/test/olp/btcnet_env/bitcoin/regtest/node1/data/regtest/blocks/blk*.dat"
TRACE - reading "/Users/chenwenjie/test/olp/btcnet_env/bitcoin/regtest/node1/data/regtest/blocks/blk00000.dat"
TRACE - parsing 16777216 bytes
TRACE - skipping block 1c59e340ddd058e331dba2b30f720bb15701d93f8af3c6857f14d5fc9867dbe0
TRACE - skipping block 7902689f91e8d2289fc52da4162bfab7cb7a97d0f1657a09df594fddd41dcfb6
TRACE - skipping block 3db969b855d85307d23dcca1300bbaef3278a23d0dc719cc744b3e17d689c1e5
TRACE - skipping block 18e12fcc3b333229f3cb6b2149eb136a0997f628b72e62651aa13171ea97d556
TRACE - skipping block 3b3050382501d669f2509d2df10705ca93de50f61012b045618fb7245fb32ef6
TRACE - skipping block 23183458ed5e2193c3e90484c06a72384655e840998fcd7515a92872861d3986
TRACE - skipping block 3eee48898de2ce0b73ed6281443ad5e7673eb53bef98e5dfa17c07c1bd8d2bcd
TRACE - skipping block 1fbdd191183274de0d30c3b3051106334f3dda43965bde999a15051f3803fc0f
TRACE - skipping block 12215582827337511a54ca6ba8c6a45aa1c8e50c3706b45e082504daa21816fa
TRACE - skipping block 0dfedfc3b23422119f00af29556692393f4c1a27914826f70c3d23d7b8b0bd1e
TRACE - skipping block 53086775e50cd0707e4040098f40f8a1143ccf436da3fe497a4076305539555e
TRACE - skipping block 7b66df207ebd5a828101101079d7115683d3b46d78cf8f659a3bcfb67cf54085
TRACE - skipping block 4f4ac21e21242695ff02839bedbc7042ec312f815e4bee23ef576ca7f776ff61
TRACE - skipping block 073949a26f5b613b35b08de4bd7d097f2f07833db258b34ba22eaf7ad13aa2c2
TRACE - skipping block 74dd95c1e7117617dc528f1318b37e93369a9796100b20a52dee050888e42a78
TRACE - skipping block 6889a389c9660ccb36981c981a26fe363f231ec39f211a07890d1d93cc3cf2c6
TRACE - skipping block 0595fcebb05c7f38f36eb92ae1b88d68fffe7b11a7105720b387a6b3cfec3dde
TRACE - skipping block 56a1e596d99629b9e077038fd3ac6cc5814f847b57c7796d363d77004a7a8608
TRACE - skipping block 002ae599a6b4435c9cf0d0483290256b7250007273888ca6da1f31a3de0f245d
TRACE - skipping block 6f5b498fc0eb8bb8b5f5f90fd8db0ce6aa88fbb0b2b3c3db50cf39ef79e671e5
TRACE - skipping block 0a207f6e4d72a27d4c431e356476c28684ace467fa5e6508cf00480d9f131e37
TRACE - skipping block 26ecbeaf09a616ac58e0ddee80cdcfca5b1671d20cf8861f2cfa654fde3eddb3
TRACE - skipping block 73bdf644ced728729b654a48340dcb3fdc844bbe3fe1da179073b11d00ef591b
TRACE - skipping block 434ba789c5a137e37ea07856612b49926cbdf62b6dc0d0caa9973d5175e19b0b
TRACE - skipping block 353d8331225bd7b41bd5b4f2682b4e2038bef6edeefd043d6f1efdc5a310375d
TRACE - skipping block 2ecb8a3ef2850f97d3762a055b1de41ba21be3ecd0ceaa501b09996eb616d5b2
TRACE - skipping block 0b2958dde5f811470d9a392e5e9a54005b7448d53cb581a960601f6c7d6aba60
TRACE - skipping block 50560c4f7b3d8d304f754b2203b60eeb04226778876c9ec5f6e859e53557065a
TRACE - skipping block 42f8cfb9b3710eea34b018bf16d5a406c327a7d262aa23e00dacb7b511248e7a
TRACE - skipping block 477babc344f300f0d040603f8c50661d7a419f54c95723eb4270802b02bdd887
TRACE - skipping block 2f93f6ee4df5363e2d5c6550082649794a4a0d4686791434a5987584e3cb92cb
TRACE - skipping block 79fdca73e70eb210b0b9c6a57417d4b61f87688d427f30e5bc5b0501e3c98056
TRACE - skipping block 0bb68f5d01656b5ef205570f4014c1f5122a059f118d5c966c56b0ca5dc233cc
TRACE - skipping block 5c36e96df867de70d38204529580f79a14e755a141ccd890eadafc064b045727
TRACE - skipping block 0b9d06da5408b50fa2b71050e3edc3558cb157029d9b62aeb26693f188a8a8e6
TRACE - skipping block 04a17fe75e68ca6cfca710c0b6647270807c0fbede3179d9ed0afc3a098d7dec
TRACE - skipping block 74689a3b7ee969327db87ca301092c62960cd9e3e75b6f7df90c90376ba5e1c3
TRACE - skipping block 039d57d5f0b8b25fe0a42e21c21d21135828a108bb89af289685fafc76ad01e4
TRACE - skipping block 382223c0a761d6473b5e644061b811502b15aca6371cf8669900198ca00c4557
TRACE - skipping block 352724db15790a280cba715b24dfe89cac6bbb93eac464f8cd311eb94f78c099
TRACE - skipping block 2b366b7003f5aa1fb980a34dc2efbd7e604861e5e86fbdb72b6dd6e2ede15d04
TRACE - skipping block 65fa867620bd40218c803e8a34437c61378e1dc197e0aa717af4de7ed9a04d09
TRACE - skipping block 4a7806f1e3bd480e432ca56c503d178dfba1a7888afd1952afb902196d2bd18d
TRACE - skipping block 0eae35c74cdb1adcf2c6ae9bbe1624bbd496d3534b50b6eeac88e26d7c2ed4ea
TRACE - skipping block 74c84da0000ff03739f2b1f66619006ed28aa925d0370a41649f550de80a9e8c
TRACE - skipping block 3453f280aaa922f280cb7e30463ae6bc460a41d2afc39ae24c83791985130075
TRACE - skipping block 5d3c73f6280ca47ebdcc5db07fbff4378791ae3271a8072a87f48bcbf72467a3
TRACE - skipping block 7299c91ed62a0291e0b0d437da33e68a1820a63c7cf01a8f090255e64974e68f
TRACE - skipping block 560547d54825caefb2df64db0d73970f4a854a9c07d1f7a63fdb324c1d18eb99
TRACE - skipping block 3e5e6d24e986bf11644de5e0d50636c35fe1c1fcdb556694eecb13dde8892941
TRACE - skipping block 1e62e2e4dadb4eba716e6d45f08cbef42b97d8d632e450d1e60a4458210d71e4
TRACE - skipping block 03934a5c34a943fb42e19b1eb9c8a27f9253573dedc061923b1ea91ecbb6eb7b
TRACE - skipping block 5ac918d3e78fa5630ba280c430a407fb1c3ed185265aa217fe1cb881e0edcfde
TRACE - skipping block 5674c5c2c282c7e285d7e3461de07020fddfbb1c8fc1526cd38ea68cf7bfb167
TRACE - skipping block 53b00dc54b5d8f40112800902ca69b4333bee5ab3c9cbb75acac0be0bc90dd1a
TRACE - skipping block 0e8e76ec5bce8761dd4d88dffefe49b1f51dc92ae98b563779613ddee0b0b2c6
TRACE - skipping block 180caafb4d6490d7fd464e1db7b0b208a03a3b9a2e51a8ff97ec8be0d16f4c1e
TRACE - skipping block 7170b3d364dd07cd9902545c1d9588a7e40edcbaf83e6e1f7027cfc7485d86aa
TRACE - skipping block 196eacd3e58931bb68902a6375090cec646710c7b107751e338404bcc871f643
TRACE - skipping block 2efa8dd395f49e5556cac2982d96d9160ae2593e73b9d10cd19d013803bc74ff
TRACE - skipping block 79151cdbb489ab705c45c8202a0820d2b3e44bcb73460ba329ba92e49581e9c0
TRACE - skipping block 39ea5d8fc4d5e00645ae58fb09e8e7f421a28661c6f14263b91b479da8b26fe2
TRACE - skipping block 78299b55047f5c9fbec084a73de906089696205f0ae16efe2789256c5a75177d
TRACE - skipping block 0d8fe041247cfd5f68b638d13e379cad8d85bfe2de4c18e6a3bf60391028e370
TRACE - skipping block 39a6f17b68e92f0cf8464487646481e3a88206097cf42079a3f5aa7b1b5f145c
TRACE - skipping block 692a9b4523e19a409cb052efbed922fcc46353963cfb4ea79b470f8887f72b67
TRACE - skipping block 1bd83c039a9e77662fdcd08dc5cee073474c5c63d3892f3135e590af15a9998f
TRACE - skipping block 398d3594f8469576ba85f69ef156b57f4466e7901474942b2fa6e29171394ace
TRACE - skipping block 2be508481754eb7dfe9baff8f057fc05b94f207cf39340a49ea26bd9ad7435b7
TRACE - skipping block 1329ce62358201f7d7a031f8cececa72718e1611afbf6b444f0698c54b185bf9
TRACE - skipping block 17314121d2d8d10fe8a35e084b8f65260dd5d3d78562a62743f928123af413f5
TRACE - skipping block 2991cbc9333389a8ca8110f09beb443c17ba80d9b3eeb2f1d49d363718015d38
TRACE - skipping block 3fd956a4775c918677f4c637bc668f8d20aa5d72b92e6c96e8886f6388ce7974
TRACE - skipping block 4c4907a36d6d64e86ba3e59d88c0f426e7f9e94fbe5f3825d0ef50f9868ba30c
TRACE - skipping block 5f621a75e68d6c219a860bec76b9ddffba1bf6f55ee9005b6d37cbd1a3905c9b
TRACE - skipping block 35600468d20e7196d2c59848d6e14a510f202ab9b1cb739efb0e110fec68ac54
TRACE - skipping block 3596a100c7ec9445c1c1d174c4902dfa58e89b5e7d12131e50f213e8ba2101b3
TRACE - skipping block 0126dbf1482e74f639108d49c7512136a3d966783283c1f0270f1851e54e4de9
TRACE - skipping block 2bbd04ab1714efd4de1abc9c70d933f09b1ac9cd3f90f45886bdbd0da14b07ee
TRACE - skipping block 016dfb7747644b88804ffde84792a01ffe6859c03713c8e50a32ef8bab1e92ee
TRACE - skipping block 074be28f43f930a664a84ba13f5b27315b400a84ef8aad093c0b6521a9a1084f
TRACE - skipping block 4d95dc00e524e8d036d0a3eac1ad9d70f14adc6ba3786e916b376d138e685ada
TRACE - skipping block 0ad1d6ba562586571a0156d559e176115655fd01352fc8c65372d0f6abca0b2e
TRACE - skipping block 65f471ed33fb42179cf585e8b3faccac3322da1432c5a751a616918486ec305b
TRACE - skipping block 5b60bc208bc59bd3fb064bff803c2dab99bd1e333e4353b46c93d93847f20685
TRACE - skipping block 1a2ca4e75d5975bc8c18952f613a6a21700bd5c01c3aafaac0732ac3d907cd4d
TRACE - skipping block 5f393346bdeeaa0e69a71aa30a5b7e1a179654f70b5a17ad5b2e3d1da993c919
TRACE - skipping block 7dd92826de562df229c98edc0ffa01c13f365890e0a6e58090356d20aa2166d2
TRACE - skipping block 0f3ab247a57264b0a6bba0b7eb90195b3eae8b82a0c9412839ab2b2d7d043eda
TRACE - skipping block 6ddadd458aa2342ca4823e71121f0e62e1ec0a68491beea97bedef80aa8f74ed
TRACE - skipping block 70a5c9af09409e435f8a7c3b515996cd66bf8397369ecd0d64b3221bceb72340
TRACE - skipping block 4c2019eb32e6d4d01a4971ea4896995b785c097caab2ad3995518971567118ac
TRACE - skipping block 7e0375e83065236a16218885b2c1557375291690943d1c784054acd6bf09516d
TRACE - skipping block 0a98cbcc09f78cd0dbc60f9fda80453683f22a5352e5823431cc5a196944ff67
TRACE - skipping block 243eb8d9e6f65a3ff9fcb3176570d8a38dd208ef4d3eb72848a0346fc0c8c810
TRACE - skipping block 7e80da5f48fc352af0df5b41058ffc8d95fc0b4dee8dcd4b659497d321831262
TRACE - skipping block 7be592bbfc3be5139d8c0929460f6627e908da6536cadebc45a75b4df3faf030
TRACE - skipping block 76eca779ae8394fd719436fc8a3dcea895e82100dd2c2f36f8562b6bb6c13cd6
TRACE - skipping block 62fd24d1b7684d75b6e46b96edd2eec35d8854cd38e66ce38f6b5a466ee603e7
TRACE - skipping block 68639ba8958fdc147595e75daeab84c408cfe366660a7bf79adbfcc5b8f6d29e
TRACE - skipping block 47b927dc0f04665855ebb6a96fce4ef7176f9ec4c0ce706014c5882ab34dc899
TRACE - fetched 152 blocks
DEBUG - writing 1064 rows to RocksDB { path: "/Users/chenwenjie/test/olp/btcnet_env/electors/data/regtest/newindex/txstore" }, flush=Disable
DEBUG - starting full compaction on RocksDB { path: "/Users/chenwenjie/test/olp/btcnet_env/electors/data/regtest/newindex/txstore" }
DEBUG - finished full compaction on RocksDB { path: "/Users/chenwenjie/test/olp/btcnet_env/electors/data/regtest/newindex/txstore" }
DEBUG - indexing history from 152 blocks using BlkFiles
DEBUG - listing block files at "/Users/chenwenjie/test/olp/btcnet_env/bitcoin/regtest/node1/data/regtest/blocks/blk*.dat"
TRACE - reading "/Users/chenwenjie/test/olp/btcnet_env/bitcoin/regtest/node1/data/regtest/blocks/blk00000.dat"
TRACE - parsing 16777216 bytes
TRACE - skipping block 1c59e340ddd058e331dba2b30f720bb15701d93f8af3c6857f14d5fc9867dbe0
TRACE - skipping block 7902689f91e8d2289fc52da4162bfab7cb7a97d0f1657a09df594fddd41dcfb6
TRACE - skipping block 3db969b855d85307d23dcca1300bbaef3278a23d0dc719cc744b3e17d689c1e5
TRACE - skipping block 18e12fcc3b333229f3cb6b2149eb136a0997f628b72e62651aa13171ea97d556
TRACE - skipping block 3b3050382501d669f2509d2df10705ca93de50f61012b045618fb7245fb32ef6
TRACE - skipping block 23183458ed5e2193c3e90484c06a72384655e840998fcd7515a92872861d3986
TRACE - skipping block 3eee48898de2ce0b73ed6281443ad5e7673eb53bef98e5dfa17c07c1bd8d2bcd
TRACE - skipping block 1fbdd191183274de0d30c3b3051106334f3dda43965bde999a15051f3803fc0f
TRACE - skipping block 12215582827337511a54ca6ba8c6a45aa1c8e50c3706b45e082504daa21816fa
TRACE - skipping block 0dfedfc3b23422119f00af29556692393f4c1a27914826f70c3d23d7b8b0bd1e
TRACE - skipping block 53086775e50cd0707e4040098f40f8a1143ccf436da3fe497a4076305539555e
TRACE - skipping block 7b66df207ebd5a828101101079d7115683d3b46d78cf8f659a3bcfb67cf54085
TRACE - skipping block 4f4ac21e21242695ff02839bedbc7042ec312f815e4bee23ef576ca7f776ff61
TRACE - skipping block 073949a26f5b613b35b08de4bd7d097f2f07833db258b34ba22eaf7ad13aa2c2
TRACE - skipping block 74dd95c1e7117617dc528f1318b37e93369a9796100b20a52dee050888e42a78
TRACE - skipping block 6889a389c9660ccb36981c981a26fe363f231ec39f211a07890d1d93cc3cf2c6
TRACE - skipping block 0595fcebb05c7f38f36eb92ae1b88d68fffe7b11a7105720b387a6b3cfec3dde
TRACE - skipping block 56a1e596d99629b9e077038fd3ac6cc5814f847b57c7796d363d77004a7a8608
TRACE - skipping block 002ae599a6b4435c9cf0d0483290256b7250007273888ca6da1f31a3de0f245d
TRACE - skipping block 6f5b498fc0eb8bb8b5f5f90fd8db0ce6aa88fbb0b2b3c3db50cf39ef79e671e5
TRACE - skipping block 0a207f6e4d72a27d4c431e356476c28684ace467fa5e6508cf00480d9f131e37
TRACE - skipping block 26ecbeaf09a616ac58e0ddee80cdcfca5b1671d20cf8861f2cfa654fde3eddb3
TRACE - skipping block 73bdf644ced728729b654a48340dcb3fdc844bbe3fe1da179073b11d00ef591b
TRACE - skipping block 434ba789c5a137e37ea07856612b49926cbdf62b6dc0d0caa9973d5175e19b0b
TRACE - skipping block 353d8331225bd7b41bd5b4f2682b4e2038bef6edeefd043d6f1efdc5a310375d
TRACE - skipping block 2ecb8a3ef2850f97d3762a055b1de41ba21be3ecd0ceaa501b09996eb616d5b2
TRACE - skipping block 0b2958dde5f811470d9a392e5e9a54005b7448d53cb581a960601f6c7d6aba60
TRACE - skipping block 50560c4f7b3d8d304f754b2203b60eeb04226778876c9ec5f6e859e53557065a
TRACE - skipping block 42f8cfb9b3710eea34b018bf16d5a406c327a7d262aa23e00dacb7b511248e7a
TRACE - skipping block 477babc344f300f0d040603f8c50661d7a419f54c95723eb4270802b02bdd887
TRACE - skipping block 2f93f6ee4df5363e2d5c6550082649794a4a0d4686791434a5987584e3cb92cb
TRACE - skipping block 79fdca73e70eb210b0b9c6a57417d4b61f87688d427f30e5bc5b0501e3c98056
TRACE - skipping block 0bb68f5d01656b5ef205570f4014c1f5122a059f118d5c966c56b0ca5dc233cc
TRACE - skipping block 5c36e96df867de70d38204529580f79a14e755a141ccd890eadafc064b045727
TRACE - skipping block 0b9d06da5408b50fa2b71050e3edc3558cb157029d9b62aeb26693f188a8a8e6
TRACE - skipping block 04a17fe75e68ca6cfca710c0b6647270807c0fbede3179d9ed0afc3a098d7dec
TRACE - skipping block 74689a3b7ee969327db87ca301092c62960cd9e3e75b6f7df90c90376ba5e1c3
TRACE - skipping block 039d57d5f0b8b25fe0a42e21c21d21135828a108bb89af289685fafc76ad01e4
TRACE - skipping block 382223c0a761d6473b5e644061b811502b15aca6371cf8669900198ca00c4557
TRACE - skipping block 352724db15790a280cba715b24dfe89cac6bbb93eac464f8cd311eb94f78c099
TRACE - skipping block 2b366b7003f5aa1fb980a34dc2efbd7e604861e5e86fbdb72b6dd6e2ede15d04
TRACE - skipping block 65fa867620bd40218c803e8a34437c61378e1dc197e0aa717af4de7ed9a04d09
TRACE - skipping block 4a7806f1e3bd480e432ca56c503d178dfba1a7888afd1952afb902196d2bd18d
TRACE - skipping block 0eae35c74cdb1adcf2c6ae9bbe1624bbd496d3534b50b6eeac88e26d7c2ed4ea
TRACE - skipping block 74c84da0000ff03739f2b1f66619006ed28aa925d0370a41649f550de80a9e8c
TRACE - skipping block 3453f280aaa922f280cb7e30463ae6bc460a41d2afc39ae24c83791985130075
TRACE - skipping block 5d3c73f6280ca47ebdcc5db07fbff4378791ae3271a8072a87f48bcbf72467a3
TRACE - skipping block 7299c91ed62a0291e0b0d437da33e68a1820a63c7cf01a8f090255e64974e68f
TRACE - skipping block 560547d54825caefb2df64db0d73970f4a854a9c07d1f7a63fdb324c1d18eb99
TRACE - skipping block 3e5e6d24e986bf11644de5e0d50636c35fe1c1fcdb556694eecb13dde8892941
TRACE - skipping block 1e62e2e4dadb4eba716e6d45f08cbef42b97d8d632e450d1e60a4458210d71e4
TRACE - skipping block 03934a5c34a943fb42e19b1eb9c8a27f9253573dedc061923b1ea91ecbb6eb7b
TRACE - skipping block 5ac918d3e78fa5630ba280c430a407fb1c3ed185265aa217fe1cb881e0edcfde
TRACE - skipping block 5674c5c2c282c7e285d7e3461de07020fddfbb1c8fc1526cd38ea68cf7bfb167
TRACE - skipping block 53b00dc54b5d8f40112800902ca69b4333bee5ab3c9cbb75acac0be0bc90dd1a
TRACE - skipping block 0e8e76ec5bce8761dd4d88dffefe49b1f51dc92ae98b563779613ddee0b0b2c6
TRACE - skipping block 180caafb4d6490d7fd464e1db7b0b208a03a3b9a2e51a8ff97ec8be0d16f4c1e
TRACE - skipping block 7170b3d364dd07cd9902545c1d9588a7e40edcbaf83e6e1f7027cfc7485d86aa
TRACE - skipping block 196eacd3e58931bb68902a6375090cec646710c7b107751e338404bcc871f643
TRACE - skipping block 2efa8dd395f49e5556cac2982d96d9160ae2593e73b9d10cd19d013803bc74ff
TRACE - skipping block 79151cdbb489ab705c45c8202a0820d2b3e44bcb73460ba329ba92e49581e9c0
TRACE - skipping block 39ea5d8fc4d5e00645ae58fb09e8e7f421a28661c6f14263b91b479da8b26fe2
TRACE - skipping block 78299b55047f5c9fbec084a73de906089696205f0ae16efe2789256c5a75177d
TRACE - skipping block 0d8fe041247cfd5f68b638d13e379cad8d85bfe2de4c18e6a3bf60391028e370
TRACE - skipping block 39a6f17b68e92f0cf8464487646481e3a88206097cf42079a3f5aa7b1b5f145c
TRACE - skipping block 692a9b4523e19a409cb052efbed922fcc46353963cfb4ea79b470f8887f72b67
TRACE - skipping block 1bd83c039a9e77662fdcd08dc5cee073474c5c63d3892f3135e590af15a9998f
TRACE - skipping block 398d3594f8469576ba85f69ef156b57f4466e7901474942b2fa6e29171394ace
TRACE - skipping block 2be508481754eb7dfe9baff8f057fc05b94f207cf39340a49ea26bd9ad7435b7
TRACE - skipping block 1329ce62358201f7d7a031f8cececa72718e1611afbf6b444f0698c54b185bf9
TRACE - skipping block 17314121d2d8d10fe8a35e084b8f65260dd5d3d78562a62743f928123af413f5
TRACE - skipping block 2991cbc9333389a8ca8110f09beb443c17ba80d9b3eeb2f1d49d363718015d38
TRACE - skipping block 3fd956a4775c918677f4c637bc668f8d20aa5d72b92e6c96e8886f6388ce7974
TRACE - skipping block 4c4907a36d6d64e86ba3e59d88c0f426e7f9e94fbe5f3825d0ef50f9868ba30c
TRACE - skipping block 5f621a75e68d6c219a860bec76b9ddffba1bf6f55ee9005b6d37cbd1a3905c9b
TRACE - skipping block 35600468d20e7196d2c59848d6e14a510f202ab9b1cb739efb0e110fec68ac54
TRACE - skipping block 3596a100c7ec9445c1c1d174c4902dfa58e89b5e7d12131e50f213e8ba2101b3
TRACE - skipping block 0126dbf1482e74f639108d49c7512136a3d966783283c1f0270f1851e54e4de9
TRACE - skipping block 2bbd04ab1714efd4de1abc9c70d933f09b1ac9cd3f90f45886bdbd0da14b07ee
TRACE - skipping block 016dfb7747644b88804ffde84792a01ffe6859c03713c8e50a32ef8bab1e92ee
TRACE - skipping block 074be28f43f930a664a84ba13f5b27315b400a84ef8aad093c0b6521a9a1084f
TRACE - skipping block 4d95dc00e524e8d036d0a3eac1ad9d70f14adc6ba3786e916b376d138e685ada
TRACE - skipping block 0ad1d6ba562586571a0156d559e176115655fd01352fc8c65372d0f6abca0b2e
TRACE - skipping block 65f471ed33fb42179cf585e8b3faccac3322da1432c5a751a616918486ec305b
TRACE - skipping block 5b60bc208bc59bd3fb064bff803c2dab99bd1e333e4353b46c93d93847f20685
TRACE - skipping block 1a2ca4e75d5975bc8c18952f613a6a21700bd5c01c3aafaac0732ac3d907cd4d
TRACE - skipping block 5f393346bdeeaa0e69a71aa30a5b7e1a179654f70b5a17ad5b2e3d1da993c919
TRACE - skipping block 7dd92826de562df229c98edc0ffa01c13f365890e0a6e58090356d20aa2166d2
TRACE - skipping block 0f3ab247a57264b0a6bba0b7eb90195b3eae8b82a0c9412839ab2b2d7d043eda
TRACE - skipping block 6ddadd458aa2342ca4823e71121f0e62e1ec0a68491beea97bedef80aa8f74ed
TRACE - skipping block 70a5c9af09409e435f8a7c3b515996cd66bf8397369ecd0d64b3221bceb72340
TRACE - skipping block 4c2019eb32e6d4d01a4971ea4896995b785c097caab2ad3995518971567118ac
TRACE - skipping block 7e0375e83065236a16218885b2c1557375291690943d1c784054acd6bf09516d
TRACE - skipping block 0a98cbcc09f78cd0dbc60f9fda80453683f22a5352e5823431cc5a196944ff67
TRACE - skipping block 243eb8d9e6f65a3ff9fcb3176570d8a38dd208ef4d3eb72848a0346fc0c8c810
TRACE - skipping block 7e80da5f48fc352af0df5b41058ffc8d95fc0b4dee8dcd4b659497d321831262
TRACE - skipping block 7be592bbfc3be5139d8c0929460f6627e908da6536cadebc45a75b4df3faf030
TRACE - skipping block 76eca779ae8394fd719436fc8a3dcea895e82100dd2c2f36f8562b6bb6c13cd6
TRACE - skipping block 62fd24d1b7684d75b6e46b96edd2eec35d8854cd38e66ce38f6b5a466ee603e7
TRACE - skipping block 68639ba8958fdc147595e75daeab84c408cfe366660a7bf79adbfcc5b8f6d29e
TRACE - skipping block 47b927dc0f04665855ebb6a96fce4ef7176f9ec4c0ce706014c5882ab34dc899
TRACE - fetched 152 blocks
DEBUG - writing 304 rows to RocksDB { path: "/Users/chenwenjie/test/olp/btcnet_env/electors/data/regtest/newindex/history" }, flush=Disable
DEBUG - starting full compaction on RocksDB { path: "/Users/chenwenjie/test/olp/btcnet_env/electors/data/regtest/newindex/history" }
DEBUG - finished full compaction on RocksDB { path: "/Users/chenwenjie/test/olp/btcnet_env/electors/data/regtest/newindex/history" }
DEBUG - flushing to disk
DEBUG - updating synced tip to 0f404250875c93cdc3e44856e868d55920cd84203887eeb7067c32a75f0ab725
DEBUG - applying 152 new headers from height 0
INFO - Electrum RPC server running on 127.0.0.1:60401
INFO - REST server running on 127.0.0.1:3002
TRACE - registering event source with poller: token=Token(0), interests=READABLE | WRITABLE
TRACE - registering event source with poller: token=Token(1), interests=READABLE | WRITABLE
INFO - handle GET /blocks/tip/height
TRACE - deregistering event source from poller
DEBUG - downloading new block headers (152 already indexed) from 3720f578a952332b5f352941b68e24b97820d2672e85275673a8243a5d0f4f30
TRACE - downloaded 1 block headers
INFO - hash=3720f578a952332b5f352941b68e24b97820d2672e85275673a8243a5d0f4f30 height=152 @ 2023-12-14T22:32:51Z (1 left to index)
DEBUG - adding transactions from 1 blocks using Bitcoind
DEBUG - hash=3720f578a952332b5f352941b68e24b97820d2672e85275673a8243a5d0f4f30 height=152 @ 2023-12-14T22:32:51Z (1 left to index)
DEBUG - writing 7 rows to RocksDB { path: "/Users/chenwenjie/test/olp/btcnet_env/electors/data/regtest/newindex/txstore" }, flush=Enable
DEBUG - indexing history from 1 blocks using Bitcoind
DEBUG - hash=3720f578a952332b5f352941b68e24b97820d2672e85275673a8243a5d0f4f30 height=152 @ 2023-12-14T22:32:51Z (1 left to index)
DEBUG - writing 2 rows to RocksDB { path: "/Users/chenwenjie/test/olp/btcnet_env/electors/data/regtest/newindex/history" }, flush=Enable
DEBUG - updating synced tip to 3720f578a952332b5f352941b68e24b97820d2672e85275673a8243a5d0f4f30
DEBUG - applying 1 new headers from height 152
TRACE - registering event source with poller: token=Token(16777217), interests=READABLE | WRITABLE
INFO - handle GET /blocks/
INFO - handle GET /blocks/tip/height
DEBUG - downloading new block headers (153 already indexed) from 667f2aafd723038105768e157fa605b1f06a17bdf0e4986305336560a249ebd2
TRACE - downloaded 1 block headers
INFO - hash=667f2aafd723038105768e157fa605b1f06a17bdf0e4986305336560a249ebd2 height=153 @ 2023-12-14T22:33:21Z (1 left to index)
DEBUG - adding transactions from 1 blocks using Bitcoind
DEBUG - hash=667f2aafd723038105768e157fa605b1f06a17bdf0e4986305336560a249ebd2 height=153 @ 2023-12-14T22:33:21Z (1 left to index)
DEBUG - writing 7 rows to RocksDB { path: "/Users/chenwenjie/test/olp/btcnet_env/electors/data/regtest/newindex/txstore" }, flush=Enable
DEBUG - indexing history from 1 blocks using Bitcoind
DEBUG - hash=667f2aafd723038105768e157fa605b1f06a17bdf0e4986305336560a249ebd2 height=153 @ 2023-12-14T22:33:21Z (1 left to index)
DEBUG - writing 2 rows to RocksDB { path: "/Users/chenwenjie/test/olp/btcnet_env/electors/data/regtest/newindex/history" }, flush=Enable
DEBUG - updating synced tip to 667f2aafd723038105768e157fa605b1f06a17bdf0e4986305336560a249ebd2
DEBUG - applying 1 new headers from height 153
DEBUG - downloading new block headers (154 already indexed) from 04af0e81c93ecea379fbf95d9df93ba1088a3ec02a2fbd132eccafda79872d25
TRACE - downloaded 1 block headers
INFO - hash=04af0e81c93ecea379fbf95d9df93ba1088a3ec02a2fbd132eccafda79872d25 height=154 @ 2023-12-14T22:33:51Z (1 left to index)
DEBUG - adding transactions from 1 blocks using Bitcoind
DEBUG - hash=04af0e81c93ecea379fbf95d9df93ba1088a3ec02a2fbd132eccafda79872d25 height=154 @ 2023-12-14T22:33:51Z (1 left to index)
DEBUG - writing 7 rows to RocksDB { path: "/Users/chenwenjie/test/olp/btcnet_env/electors/data/regtest/newindex/txstore" }, flush=Enable
DEBUG - indexing history from 1 blocks using Bitcoind
DEBUG - hash=04af0e81c93ecea379fbf95d9df93ba1088a3ec02a2fbd132eccafda79872d25 height=154 @ 2023-12-14T22:33:51Z (1 left to index)
DEBUG - writing 2 rows to RocksDB { path: "/Users/chenwenjie/test/olp/btcnet_env/electors/data/regtest/newindex/history" }, flush=Enable
DEBUG - updating synced tip to 04af0e81c93ecea379fbf95d9df93ba1088a3ec02a2fbd132eccafda79872d25
DEBUG - applying 1 new headers from height 154
DEBUG - downloading new block headers (155 already indexed) from 6c5fecf3411a91464382923f2772f64d073e0987b5f9ef857a39774bad853822
TRACE - downloaded 1 block headers
INFO - hash=6c5fecf3411a91464382923f2772f64d073e0987b5f9ef857a39774bad853822 height=155 @ 2023-12-14T22:34:21Z (1 left to index)
DEBUG - adding transactions from 1 blocks using Bitcoind
DEBUG - hash=6c5fecf3411a91464382923f2772f64d073e0987b5f9ef857a39774bad853822 height=155 @ 2023-12-14T22:34:21Z (1 left to index)
DEBUG - writing 7 rows to RocksDB { path: "/Users/chenwenjie/test/olp/btcnet_env/electors/data/regtest/newindex/txstore" }, flush=Enable
DEBUG - indexing history from 1 blocks using Bitcoind
DEBUG - hash=6c5fecf3411a91464382923f2772f64d073e0987b5f9ef857a39774bad853822 height=155 @ 2023-12-14T22:34:21Z (1 left to index)
DEBUG - writing 2 rows to RocksDB { path: "/Users/chenwenjie/test/olp/btcnet_env/electors/data/regtest/newindex/history" }, flush=Enable
DEBUG - updating synced tip to 6c5fecf3411a91464382923f2772f64d073e0987b5f9ef857a39774bad853822
DEBUG - applying 1 new headers from height 155
DEBUG - downloading new block headers (156 already indexed) from 1301939d43ca07654a2ca6287f7b400d3512d113c0a4cc3318d6bb162abd9872
TRACE - downloaded 1 block headers
INFO - hash=1301939d43ca07654a2ca6287f7b400d3512d113c0a4cc3318d6bb162abd9872 height=156 @ 2023-12-14T22:34:52Z (1 left to index)
DEBUG - adding transactions from 1 blocks using Bitcoind
DEBUG - hash=1301939d43ca07654a2ca6287f7b400d3512d113c0a4cc3318d6bb162abd9872 height=156 @ 2023-12-14T22:34:52Z (1 left to index)
DEBUG - writing 7 rows to RocksDB { path: "/Users/chenwenjie/test/olp/btcnet_env/electors/data/regtest/newindex/txstore" }, flush=Enable
DEBUG - indexing history from 1 blocks using Bitcoind
DEBUG - hash=1301939d43ca07654a2ca6287f7b400d3512d113c0a4cc3318d6bb162abd9872 height=156 @ 2023-12-14T22:34:52Z (1 left to index)
DEBUG - writing 2 rows to RocksDB { path: "/Users/chenwenjie/test/olp/btcnet_env/electors/data/regtest/newindex/history" }, flush=Enable
DEBUG - updating synced tip to 1301939d43ca07654a2ca6287f7b400d3512d113c0a4cc3318d6bb162abd9872
DEBUG - applying 1 new headers from height 156
DEBUG - downloading new block headers (157 already indexed) from 2dd65538be2cbb2440521a04b3ce46d880e70eb519ac3900b8ba268595c819cb
TRACE - downloaded 1 block headers
INFO - hash=2dd65538be2cbb2440521a04b3ce46d880e70eb519ac3900b8ba268595c819cb height=157 @ 2023-12-14T22:35:22Z (1 left to index)
DEBUG - adding transactions from 1 blocks using Bitcoind
DEBUG - hash=2dd65538be2cbb2440521a04b3ce46d880e70eb519ac3900b8ba268595c819cb height=157 @ 2023-12-14T22:35:22Z (1 left to index)
DEBUG - writing 7 rows to RocksDB { path: "/Users/chenwenjie/test/olp/btcnet_env/electors/data/regtest/newindex/txstore" }, flush=Enable
DEBUG - indexing history from 1 blocks using Bitcoind
DEBUG - hash=2dd65538be2cbb2440521a04b3ce46d880e70eb519ac3900b8ba268595c819cb height=157 @ 2023-12-14T22:35:22Z (1 left to index)
DEBUG - writing 2 rows to RocksDB { path: "/Users/chenwenjie/test/olp/btcnet_env/electors/data/regtest/newindex/history" }, flush=Enable
DEBUG - updating synced tip to 2dd65538be2cbb2440521a04b3ce46d880e70eb519ac3900b8ba268595c819cb
DEBUG - applying 1 new headers from height 157
INFO - stopping server: Iterrupted by signal 15
TRACE - deregistering event source from poller
TRACE - deregistering event source from poller
INFO - server stopped
TRACE - stop accepting new RPCs
TRACE - closing 0 RPC connections
TRACE - RPC connections are closed
TRACE - RPC server is stopped
Config { log: StdErrLog { verbosity: Trace, quiet: false, show_level: true, timestamp: Off, modules: [], writer: "stderr", color_choice: Never }, network_type: Regtest, db_path: "/Users/chenwenjie/test/olp/btcnet_env/electorsData/regtest", daemon_dir: "/Users/chenwenjie/test/olp/btcnet_env/bitcoin/regtest/node1/data/regtest", blocks_dir: "/Users/chenwenjie/test/olp/btcnet_env/bitcoin/regtest/node1/data/regtest/blocks", daemon_rpc_addr: 127.0.0.1:18443, cookie: None, electrum_rpc_addr: 127.0.0.1:60401, http_addr: 127.0.0.1:3002, http_socket_file: None, monitoring_addr: 127.0.0.1:24224, jsonrpc_import: false, light_mode: false, address_search: false, index_unspendables: false, cors: Some("*"), precache_scripts: None, utxos_limit: 500, electrum_txs_limit: 500, electrum_banner: "Welcome to electrs-esplora 0.4.1" }
DEBUG - Server listening on 127.0.0.1:24224
DEBUG - Running accept thread
WARN - failed to connect daemon at 127.0.0.1:18443: Connection refused (os error 61)
WARN - failed to connect daemon at 127.0.0.1:18443: Connection refused (os error 61)
WARN - failed to connect daemon at 127.0.0.1:18443: Connection refused (os error 61)
WARN - failed to connect daemon at 127.0.0.1:18443: Connection refused (os error 61)
WARN - failed to connect daemon at 127.0.0.1:18443: Connection refused (os error 61)
WARN - failed to connect daemon at 127.0.0.1:18443: Connection refused (os error 61)
WARN - failed to connect daemon at 127.0.0.1:18443: Connection refused (os error 61)
WARN - failed to connect daemon at 127.0.0.1:18443: Connection refused (os error 61)
WARN - failed to connect daemon at 127.0.0.1:18443: Connection refused (os error 61)
WARN - failed to connect daemon at 127.0.0.1:18443: Connection refused (os error 61)
WARN - failed to connect daemon at 127.0.0.1:18443: Connection refused (os error 61)
WARN - failed to connect daemon at 127.0.0.1:18443: Connection refused (os error 61)
WARN - failed to connect daemon at 127.0.0.1:18443: Connection refused (os error 61)
WARN - failed to connect daemon at 127.0.0.1:18443: Connection refused (os error 61)
ERROR - server failed: Error: Iterrupted by signal 15

Config { log: StdErrLog { verbosity: Trace, quiet: false, show_level: true, timestamp: Off, modules: [], writer: "stderr", color_choice: Never }, network_type: Regtest, db_path: "/Users/chenwenjie/test/olp/btcnet_env/electorsData/regtest", daemon_dir: "/Users/chenwenjie/test/olp/btcnet_env/bitcoin/regtest/node1/data/regtest", blocks_dir: "/Users/chenwenjie/test/olp/btcnet_env/bitcoin/regtest/node1/data/regtest/blocks", daemon_rpc_addr: 127.0.0.1:18443, cookie: None, electrum_rpc_addr: 127.0.0.1:60401, http_addr: 127.0.0.1:3002, http_socket_file: None, monitoring_addr: 127.0.0.1:24224, jsonrpc_import: false, light_mode: false, address_search: false, index_unspendables: false, cors: Some("*"), precache_scripts: None, utxos_limit: 500, electrum_txs_limit: 500, electrum_banner: "Welcome to electrs-esplora 0.4.1" }
DEBUG - Server listening on 127.0.0.1:24224
DEBUG - Running accept thread
WARN - failed to connect daemon at 127.0.0.1:18443: Connection refused (os error 61)
WARN - failed to connect daemon at 127.0.0.1:18443: Connection refused (os error 61)
WARN - failed to connect daemon at 127.0.0.1:18443: Connection refused (os error 61)
WARN - failed to connect daemon at 127.0.0.1:18443: Connection refused (os error 61)
WARN - failed to connect daemon at 127.0.0.1:18443: Connection refused (os error 61)
WARN - failed to connect daemon at 127.0.0.1:18443: Connection refused (os error 61)
WARN - failed to connect daemon at 127.0.0.1:18443: Connection refused (os error 61)
WARN - failed to connect daemon at 127.0.0.1:18443: Connection refused (os error 61)
WARN - failed to connect daemon at 127.0.0.1:18443: Connection refused (os error 61)
WARN - failed to connect daemon at 127.0.0.1:18443: Connection refused (os error 61)
WARN - failed to connect daemon at 127.0.0.1:18443: Connection refused (os error 61)
WARN - failed to connect daemon at 127.0.0.1:18443: Connection refused (os error 61)
ERROR - server failed: Error: Iterrupted by signal 15

Config { log: StdErrLog { verbosity: Trace, quiet: false, show_level: true, timestamp: Off, modules: [], writer: "stderr", color_choice: Never }, network_type: Regtest, db_path: "/Users/chenwenjie/test/olp/btcnet_env/electors/data/regtest", daemon_dir: "/Users/chenwenjie/test/olp/btcnet_env/bitcoin/regtest/node1/data/regtest", blocks_dir: "/Users/chenwenjie/test/olp/btcnet_env/bitcoin/regtest/node1/data/regtest/blocks", daemon_rpc_addr: 127.0.0.1:18443, cookie: None, electrum_rpc_addr: 127.0.0.1:60401, http_addr: 127.0.0.1:3002, http_socket_file: None, monitoring_addr: 127.0.0.1:24224, jsonrpc_import: false, light_mode: false, address_search: false, index_unspendables: false, cors: Some("*"), precache_scripts: None, utxos_limit: 500, electrum_txs_limit: 500, electrum_banner: "Welcome to electrs-esplora 0.4.1" }
DEBUG - Server listening on 127.0.0.1:24224
DEBUG - Running accept thread
WARN - failed to connect daemon at 127.0.0.1:18443: Connection refused (os error 61)
WARN - failed to connect daemon at 127.0.0.1:18443: Connection refused (os error 61)
WARN - failed to connect daemon at 127.0.0.1:18443: Connection refused (os error 61)
WARN - failed to connect daemon at 127.0.0.1:18443: Connection refused (os error 61)
WARN - failed to connect daemon at 127.0.0.1:18443: Connection refused (os error 61)
WARN - failed to connect daemon at 127.0.0.1:18443: Connection refused (os error 61)
WARN - failed to connect daemon at 127.0.0.1:18443: Connection refused (os error 61)
WARN - failed to connect daemon at 127.0.0.1:18443: Connection refused (os error 61)
WARN - failed to connect daemon at 127.0.0.1:18443: Connection refused (os error 61)
WARN - failed to connect daemon at 127.0.0.1:18443: Connection refused (os error 61)
WARN - failed to connect daemon at 127.0.0.1:18443: Connection refused (os error 61)
WARN - failed to connect daemon at 127.0.0.1:18443: Connection refused (os error 61)
WARN - failed to connect daemon at 127.0.0.1:18443: Connection refused (os error 61)
WARN - failed to connect daemon at 127.0.0.1:18443: Connection refused (os error 61)
WARN - failed to connect daemon at 127.0.0.1:18443: Connection refused (os error 61)
WARN - failed to connect daemon at 127.0.0.1:18443: Connection refused (os error 61)
WARN - failed to connect daemon at 127.0.0.1:18443: Connection refused (os error 61)
WARN - failed to connect daemon at 127.0.0.1:18443: Connection refused (os error 61)
WARN - failed to connect daemon at 127.0.0.1:18443: Connection refused (os error 61)
WARN - failed to connect daemon at 127.0.0.1:18443: Connection refused (os error 61)
WARN - failed to connect daemon at 127.0.0.1:18443: Connection refused (os error 61)
WARN - failed to connect daemon at 127.0.0.1:18443: Connection refused (os error 61)
WARN - failed to connect daemon at 127.0.0.1:18443: Connection refused (os error 61)
WARN - failed to connect daemon at 127.0.0.1:18443: Connection refused (os error 61)
WARN - failed to connect daemon at 127.0.0.1:18443: Connection refused (os error 61)
WARN - failed to connect daemon at 127.0.0.1:18443: Connection refused (os error 61)
WARN - failed to connect daemon at 127.0.0.1:18443: Connection refused (os error 61)
WARN - failed to connect daemon at 127.0.0.1:18443: Connection refused (os error 61)
WARN - failed to connect daemon at 127.0.0.1:18443: Connection refused (os error 61)
WARN - failed to connect daemon at 127.0.0.1:18443: Connection refused (os error 61)
WARN - failed to connect daemon at 127.0.0.1:18443: Connection refused (os error 61)
WARN - failed to connect daemon at 127.0.0.1:18443: Connection refused (os error 61)
WARN - failed to connect daemon at 127.0.0.1:18443: Connection refused (os error 61)
WARN - failed to connect daemon at 127.0.0.1:18443: Connection refused (os error 61)
Config { log: StdErrLog { verbosity: Trace, quiet: false, show_level: true, timestamp: Off, modules: [], writer: "stderr", color_choice: Never }, network_type: Regtest, db_path: "/Users/chenwenjie/test/olp/btcnet_env/electorsData/regtest", daemon_dir: "/Users/chenwenjie/test/olp/btcnet_env/bitcoin/regtest/node1/data/regtest", blocks_dir: "/Users/chenwenjie/test/olp/btcnet_env/bitcoin/regtest/node1/data/regtest/blocks", daemon_rpc_addr: 127.0.0.1:18443, cookie: None, electrum_rpc_addr: 127.0.0.1:60401, http_addr: 127.0.0.1:3002, http_socket_file: None, monitoring_addr: 127.0.0.1:24224, jsonrpc_import: false, light_mode: false, address_search: false, index_unspendables: false, cors: Some("*"), precache_scripts: None, utxos_limit: 500, electrum_txs_limit: 500, electrum_banner: "Welcome to electrs-esplora 0.4.1" }
DEBUG - Server listening on 127.0.0.1:24224
DEBUG - Running accept thread
WARN - failed to connect daemon at 127.0.0.1:18443: Connection refused (os error 61)
WARN - failed to connect daemon at 127.0.0.1:18443: Connection refused (os error 61)
WARN - failed to connect daemon at 127.0.0.1:18443: Connection refused (os error 61)
WARN - failed to connect daemon at 127.0.0.1:18443: Connection refused (os error 61)
WARN - failed to connect daemon at 127.0.0.1:18443: Connection refused (os error 61)
WARN - failed to connect daemon at 127.0.0.1:18443: Connection refused (os error 61)
